Threshold: 16

CONFIGURATION:
- Graph file: ../../../datasets/DIMACS10/coPapersCiteseer.graph
- Graph format: 1
- Solution: 0
Import graph:		6.379577
Node no: 434102
Edge no: 32073440
AdjList to CSR:		1.423634
CUDA runtime initialization:		0.321484
CUDA cudaMalloc:		0.001119
CUDA H2D cudaMemcpy:		0.123705
CUDA kernel execution:		0.020234
CUDA D2H cudaMemcpy:		0.001314
Threshold: 32

CONFIGURATION:
- Graph file: ../../../datasets/DIMACS10/coPapersCiteseer.graph
- Graph format: 1
- Solution: 0
Import graph:		6.370938
Node no: 434102
Edge no: 32073440
AdjList to CSR:		1.425145
CUDA runtime initialization:		0.332164
CUDA cudaMalloc:		0.001120
CUDA H2D cudaMemcpy:		0.127064
CUDA kernel execution:		0.019660
CUDA D2H cudaMemcpy:		0.002018
Threshold: 64

CONFIGURATION:
- Graph file: ../../../datasets/DIMACS10/coPapersCiteseer.graph
- Graph format: 1
- Solution: 0
Import graph:		6.373167
Node no: 434102
Edge no: 32073440
AdjList to CSR:		1.425604
CUDA runtime initialization:		0.322251
CUDA cudaMalloc:		0.001120
CUDA H2D cudaMemcpy:		0.127018
CUDA kernel execution:		0.021472
CUDA D2H cudaMemcpy:		0.002018
Threshold: 128

CONFIGURATION:
- Graph file: ../../../datasets/DIMACS10/coPapersCiteseer.graph
- Graph format: 1
- Solution: 0
Import graph:		6.370124
Node no: 434102
Edge no: 32073440
AdjList to CSR:		1.421050
CUDA runtime initialization:		0.320922
CUDA cudaMalloc:		0.001120
CUDA H2D cudaMemcpy:		0.123627
CUDA kernel execution:		0.024669
CUDA D2H cudaMemcpy:		0.001313
Threshold: 256

CONFIGURATION:
- Graph file: ../../../datasets/DIMACS10/coPapersCiteseer.graph
- Graph format: 1
- Solution: 0
Import graph:		6.385044
Node no: 434102
Edge no: 32073440
AdjList to CSR:		1.421184
CUDA runtime initialization:		0.330588
CUDA cudaMalloc:		0.001115
CUDA H2D cudaMemcpy:		0.123819
CUDA kernel execution:		0.024361
CUDA D2H cudaMemcpy:		0.001310
Threshold: 512

CONFIGURATION:
- Graph file: ../../../datasets/DIMACS10/coPapersCiteseer.graph
- Graph format: 1
- Solution: 0
Import graph:		6.374396
Node no: 434102
Edge no: 32073440
AdjList to CSR:		1.451272
CUDA runtime initialization:		0.331388
CUDA cudaMalloc:		0.001114
CUDA H2D cudaMemcpy:		0.123803
CUDA kernel execution:		0.024416
CUDA D2H cudaMemcpy:		0.001312
Threshold: 1024

CONFIGURATION:
- Graph file: ../../../datasets/DIMACS10/coPapersCiteseer.graph
- Graph format: 1
- Solution: 0
Import graph:		6.373463
Node no: 434102
Edge no: 32073440
AdjList to CSR:		1.425860
CUDA runtime initialization:		0.332130
CUDA cudaMalloc:		0.001134
CUDA H2D cudaMemcpy:		0.127003
CUDA kernel execution:		0.026097
CUDA D2H cudaMemcpy:		0.002020
