Threshold: 16

CONFIGURATION:
- Data file: ../cite_network.txt
Import graph:		0.047535
CUDA runtime initialization:		0.270180
CUDA cudaMalloc:		0.000384
CUDA H2D cudaMemcpy:		0.001063
CUDA kernel execution:		0.000455
CUDA D2H cudaMemcpy:		0.000806

CONFIGURATION:
- Data file: ../cite_network.txt
Import graph:		0.047620
CUDA runtime initialization:		0.260268
CUDA cudaMalloc:		0.000390
CUDA H2D cudaMemcpy:		0.001059
CUDA kernel execution:		0.007191
CUDA D2H cudaMemcpy:		0.000814

CONFIGURATION:
- Data file: ../cite_network.txt
Import graph:		0.047623
CUDA runtime initialization:		0.260283
CUDA cudaMalloc:		0.000384
CUDA H2D cudaMemcpy:		0.001058
CUDA kernel execution:		0.006152
CUDA D2H cudaMemcpy:		0.000804

CONFIGURATION:
- Data file: ../cite_network.txt
Import graph:		0.047658
CUDA runtime initialization:		0.269601
CUDA cudaMalloc:		0.000389
CUDA H2D cudaMemcpy:		0.001062
CUDA kernel execution:		0.029688
CUDA D2H cudaMemcpy:		0.000812

CONFIGURATION:
- Data file: ../cite_network.txt
Import graph:		0.047630
CUDA runtime initialization:		0.260074
CUDA cudaMalloc:		0.000383
CUDA H2D cudaMemcpy:		0.001058
CUDA kernel execution:		0.008551
CUDA D2H cudaMemcpy:		0.000813
Threshold: 32

CONFIGURATION:
- Data file: ../cite_network.txt
Import graph:		0.047630
CUDA runtime initialization:		0.270524
CUDA cudaMalloc:		0.000383
CUDA H2D cudaMemcpy:		0.001062
CUDA kernel execution:		0.000455
CUDA D2H cudaMemcpy:		0.000806

CONFIGURATION:
- Data file: ../cite_network.txt
Import graph:		0.047630
CUDA runtime initialization:		0.259796
CUDA cudaMalloc:		0.000385
CUDA H2D cudaMemcpy:		0.001060
CUDA kernel execution:		0.006052
CUDA D2H cudaMemcpy:		0.000810

CONFIGURATION:
- Data file: ../cite_network.txt
Import graph:		0.047621
CUDA runtime initialization:		0.260498
CUDA cudaMalloc:		0.000383
CUDA H2D cudaMemcpy:		0.001063
CUDA kernel execution:		0.004773
CUDA D2H cudaMemcpy:		0.000807

CONFIGURATION:
- Data file: ../cite_network.txt
Import graph:		0.047608
CUDA runtime initialization:		0.260024
CUDA cudaMalloc:		0.000387
CUDA H2D cudaMemcpy:		0.001066
CUDA kernel execution:		0.023093
CUDA D2H cudaMemcpy:		0.000812

CONFIGURATION:
- Data file: ../cite_network.txt
Import graph:		0.047683
CUDA runtime initialization:		0.259957
CUDA cudaMalloc:		0.000387
CUDA H2D cudaMemcpy:		0.001058
CUDA kernel execution:		0.007362
CUDA D2H cudaMemcpy:		0.000818
Threshold: 64

CONFIGURATION:
- Data file: ../cite_network.txt
Import graph:		0.047654
CUDA runtime initialization:		0.260136
CUDA cudaMalloc:		0.000383
CUDA H2D cudaMemcpy:		0.001061
CUDA kernel execution:		0.000456
CUDA D2H cudaMemcpy:		0.000805

CONFIGURATION:
- Data file: ../cite_network.txt
Import graph:		0.047606
CUDA runtime initialization:		0.260172
CUDA cudaMalloc:		0.000387
CUDA H2D cudaMemcpy:		0.001058
CUDA kernel execution:		0.004832
CUDA D2H cudaMemcpy:		0.000810

CONFIGURATION:
- Data file: ../cite_network.txt
Import graph:		0.047664
CUDA runtime initialization:		0.260299
CUDA cudaMalloc:		0.000381
CUDA H2D cudaMemcpy:		0.001061
CUDA kernel execution:		0.003180
CUDA D2H cudaMemcpy:		0.000810

CONFIGURATION:
- Data file: ../cite_network.txt
Import graph:		0.047632
CUDA runtime initialization:		0.260779
CUDA cudaMalloc:		0.000382
CUDA H2D cudaMemcpy:		0.001067
CUDA kernel execution:		0.015541
CUDA D2H cudaMemcpy:		0.000811

CONFIGURATION:
- Data file: ../cite_network.txt
Import graph:		0.047629
CUDA runtime initialization:		0.259975
CUDA cudaMalloc:		0.000386
CUDA H2D cudaMemcpy:		0.001062
CUDA kernel execution:		0.005636
CUDA D2H cudaMemcpy:		0.000813
Threshold: 128

CONFIGURATION:
- Data file: ../cite_network.txt
Import graph:		0.047622
CUDA runtime initialization:		0.259882
CUDA cudaMalloc:		0.000380
CUDA H2D cudaMemcpy:		0.001058
CUDA kernel execution:		0.000456
CUDA D2H cudaMemcpy:		0.000805

CONFIGURATION:
- Data file: ../cite_network.txt
Import graph:		0.047636
CUDA runtime initialization:		0.260055
CUDA cudaMalloc:		0.000383
CUDA H2D cudaMemcpy:		0.001069
CUDA kernel execution:		0.003755
CUDA D2H cudaMemcpy:		0.000812

CONFIGURATION:
- Data file: ../cite_network.txt
Import graph:		0.047692
CUDA runtime initialization:		0.260208
CUDA cudaMalloc:		0.000381
CUDA H2D cudaMemcpy:		0.001061
CUDA kernel execution:		0.001871
CUDA D2H cudaMemcpy:		0.000809

CONFIGURATION:
- Data file: ../cite_network.txt
Import graph:		0.047704
CUDA runtime initialization:		0.259467
CUDA cudaMalloc:		0.000383
CUDA H2D cudaMemcpy:		0.001069
CUDA kernel execution:		0.008424
CUDA D2H cudaMemcpy:		0.000817

CONFIGURATION:
- Data file: ../cite_network.txt
Import graph:		0.047696
CUDA runtime initialization:		0.260080
CUDA cudaMalloc:		0.000390
CUDA H2D cudaMemcpy:		0.001060
CUDA kernel execution:		0.003854
CUDA D2H cudaMemcpy:		0.000812
Threshold: 256

CONFIGURATION:
- Data file: ../cite_network.txt
Import graph:		0.047627
CUDA runtime initialization:		0.260122
CUDA cudaMalloc:		0.000383
CUDA H2D cudaMemcpy:		0.001061
CUDA kernel execution:		0.000455
CUDA D2H cudaMemcpy:		0.000806

CONFIGURATION:
- Data file: ../cite_network.txt
Import graph:		0.047583
CUDA runtime initialization:		0.270750
CUDA cudaMalloc:		0.000385
CUDA H2D cudaMemcpy:		0.001066
CUDA kernel execution:		0.003051
CUDA D2H cudaMemcpy:		0.000813

CONFIGURATION:
- Data file: ../cite_network.txt
Import graph:		0.047759
CUDA runtime initialization:		0.260282
CUDA cudaMalloc:		0.000385
CUDA H2D cudaMemcpy:		0.001063
CUDA kernel execution:		0.001144
CUDA D2H cudaMemcpy:		0.000806

CONFIGURATION:
- Data file: ../cite_network.txt
Import graph:		0.047660
CUDA runtime initialization:		0.260068
CUDA cudaMalloc:		0.000384
CUDA H2D cudaMemcpy:		0.001066
CUDA kernel execution:		0.003864
CUDA D2H cudaMemcpy:		0.000808

CONFIGURATION:
- Data file: ../cite_network.txt
Import graph:		0.047632
CUDA runtime initialization:		0.260061
CUDA cudaMalloc:		0.000380
CUDA H2D cudaMemcpy:		0.001059
CUDA kernel execution:		0.002277
CUDA D2H cudaMemcpy:		0.000811
Threshold: 512

CONFIGURATION:
- Data file: ../cite_network.txt
Import graph:		0.047636
CUDA runtime initialization:		0.269490
CUDA cudaMalloc:		0.000378
CUDA H2D cudaMemcpy:		0.001063
CUDA kernel execution:		0.000452
CUDA D2H cudaMemcpy:		0.000806

CONFIGURATION:
- Data file: ../cite_network.txt
Import graph:		0.047629
CUDA runtime initialization:		0.260048
CUDA cudaMalloc:		0.000384
CUDA H2D cudaMemcpy:		0.001065
CUDA kernel execution:		0.002750
CUDA D2H cudaMemcpy:		0.000810

CONFIGURATION:
- Data file: ../cite_network.txt
Import graph:		0.047741
CUDA runtime initialization:		0.260125
CUDA cudaMalloc:		0.000388
CUDA H2D cudaMemcpy:		0.001059
CUDA kernel execution:		0.000743
CUDA D2H cudaMemcpy:		0.000805

CONFIGURATION:
- Data file: ../cite_network.txt
Import graph:		0.047646
CUDA runtime initialization:		0.260434
CUDA cudaMalloc:		0.000384
CUDA H2D cudaMemcpy:		0.001066
CUDA kernel execution:		0.002021
CUDA D2H cudaMemcpy:		0.000809

CONFIGURATION:
- Data file: ../cite_network.txt
Import graph:		0.047654
CUDA runtime initialization:		0.259946
CUDA cudaMalloc:		0.000380
CUDA H2D cudaMemcpy:		0.001059
CUDA kernel execution:		0.001488
CUDA D2H cudaMemcpy:		0.000816
Threshold: 1024

CONFIGURATION:
- Data file: ../cite_network.txt
Import graph:		0.047632
CUDA runtime initialization:		0.260133
CUDA cudaMalloc:		0.000382
CUDA H2D cudaMemcpy:		0.001057
CUDA kernel execution:		0.000456
CUDA D2H cudaMemcpy:		0.000809

CONFIGURATION:
- Data file: ../cite_network.txt
Import graph:		0.047636
CUDA runtime initialization:		0.260277
CUDA cudaMalloc:		0.000385
CUDA H2D cudaMemcpy:		0.001062
CUDA kernel execution:		0.002715
CUDA D2H cudaMemcpy:		0.000807

CONFIGURATION:
- Data file: ../cite_network.txt
Import graph:		0.047653
CUDA runtime initialization:		0.269615
CUDA cudaMalloc:		0.000382
CUDA H2D cudaMemcpy:		0.001059
CUDA kernel execution:		0.000492
CUDA D2H cudaMemcpy:		0.000805

CONFIGURATION:
- Data file: ../cite_network.txt
Import graph:		0.047647
CUDA runtime initialization:		0.259956
CUDA cudaMalloc:		0.000385
CUDA H2D cudaMemcpy:		0.001063
CUDA kernel execution:		0.001506
CUDA D2H cudaMemcpy:		0.000812

CONFIGURATION:
- Data file: ../cite_network.txt
Import graph:		0.047661
CUDA runtime initialization:		0.269923
CUDA cudaMalloc:		0.000380
CUDA H2D cudaMemcpy:		0.001062
CUDA kernel execution:		0.001329
CUDA D2H cudaMemcpy:		0.000808
Threshold: 16

CONFIGURATION:
- Data file: ../cite_network.txt
Import graph:		0.047652
CUDA runtime initialization:		0.260947
CUDA cudaMalloc:		0.000385
CUDA H2D cudaMemcpy:		0.001057
CUDA kernel execution:		0.017772
CUDA D2H cudaMemcpy:		0.000809

CONFIGURATION:
- Data file: ../cite_network.txt
Import graph:		0.047630
CUDA runtime initialization:		0.259938
CUDA cudaMalloc:		0.000382
CUDA H2D cudaMemcpy:		0.001062
CUDA kernel execution:		0.059077
CUDA D2H cudaMemcpy:		0.000810

CONFIGURATION:
- Data file: ../cite_network.txt
Import graph:		0.047678
CUDA runtime initialization:		0.259927
CUDA cudaMalloc:		0.000378
CUDA H2D cudaMemcpy:		0.001060
CUDA kernel execution:		0.021794
CUDA D2H cudaMemcpy:		0.000807

CONFIGURATION:
- Data file: ../cite_network.txt
Import graph:		0.047630
CUDA runtime initialization:		0.260495
CUDA cudaMalloc:		0.000388
CUDA H2D cudaMemcpy:		0.001070
CUDA kernel execution:		0.312627
CUDA D2H cudaMemcpy:		0.000812

CONFIGURATION:
- Data file: ../cite_network.txt
Import graph:		0.047656
CUDA runtime initialization:		0.259635
CUDA cudaMalloc:		0.000383
CUDA H2D cudaMemcpy:		0.001059
CUDA kernel execution:		0.037791
CUDA D2H cudaMemcpy:		0.000809
Threshold: 32

CONFIGURATION:
- Data file: ../cite_network.txt
Import graph:		0.047668
CUDA runtime initialization:		0.259961
CUDA cudaMalloc:		0.000383
CUDA H2D cudaMemcpy:		0.001062
CUDA kernel execution:		0.017772
CUDA D2H cudaMemcpy:		0.000807

CONFIGURATION:
- Data file: ../cite_network.txt
Import graph:		0.047653
CUDA runtime initialization:		0.260144
CUDA cudaMalloc:		0.000385
CUDA H2D cudaMemcpy:		0.001060
CUDA kernel execution:		0.056358
CUDA D2H cudaMemcpy:		0.000811

CONFIGURATION:
- Data file: ../cite_network.txt
Import graph:		0.047674
CUDA runtime initialization:		0.260062
CUDA cudaMalloc:		0.000387
CUDA H2D cudaMemcpy:		0.001062
CUDA kernel execution:		0.020015
CUDA D2H cudaMemcpy:		0.000813

CONFIGURATION:
- Data file: ../cite_network.txt
Import graph:		0.047655
CUDA runtime initialization:		0.259599
CUDA cudaMalloc:		0.000384
CUDA H2D cudaMemcpy:		0.001068
CUDA kernel execution:		0.291765
CUDA D2H cudaMemcpy:		0.000812

CONFIGURATION:
- Data file: ../cite_network.txt
Import graph:		0.047615
CUDA runtime initialization:		0.260817
CUDA cudaMalloc:		0.000389
CUDA H2D cudaMemcpy:		0.001065
CUDA kernel execution:		0.034612
CUDA D2H cudaMemcpy:		0.000812
Threshold: 64

CONFIGURATION:
- Data file: ../cite_network.txt
Import graph:		0.047643
CUDA runtime initialization:		0.260106
CUDA cudaMalloc:		0.000382
CUDA H2D cudaMemcpy:		0.001061
CUDA kernel execution:		0.017779
CUDA D2H cudaMemcpy:		0.000808

CONFIGURATION:
- Data file: ../cite_network.txt
Import graph:		0.047651
CUDA runtime initialization:		0.259551
CUDA cudaMalloc:		0.000387
CUDA H2D cudaMemcpy:		0.001059
CUDA kernel execution:		0.051468
CUDA D2H cudaMemcpy:		0.000812

CONFIGURATION:
- Data file: ../cite_network.txt
Import graph:		0.047651
CUDA runtime initialization:		0.270795
CUDA cudaMalloc:		0.000381
CUDA H2D cudaMemcpy:		0.001067
CUDA kernel execution:		0.017789
CUDA D2H cudaMemcpy:		0.000811

CONFIGURATION:
- Data file: ../cite_network.txt
Import graph:		0.047654
CUDA runtime initialization:		0.259839
CUDA cudaMalloc:		0.000386
CUDA H2D cudaMemcpy:		0.001061
CUDA kernel execution:		0.250427
CUDA D2H cudaMemcpy:		0.000812

CONFIGURATION:
- Data file: ../cite_network.txt
Import graph:		0.047646
CUDA runtime initialization:		0.269617
CUDA cudaMalloc:		0.000385
CUDA H2D cudaMemcpy:		0.001066
CUDA kernel execution:		0.031921
CUDA D2H cudaMemcpy:		0.000812
Threshold: 128

CONFIGURATION:
- Data file: ../cite_network.txt
Import graph:		0.047630
CUDA runtime initialization:		0.259549
CUDA cudaMalloc:		0.000381
CUDA H2D cudaMemcpy:		0.001056
CUDA kernel execution:		0.017797
CUDA D2H cudaMemcpy:		0.000808

CONFIGURATION:
- Data file: ../cite_network.txt
Import graph:		0.047650
CUDA runtime initialization:		0.269718
CUDA cudaMalloc:		0.000387
CUDA H2D cudaMemcpy:		0.001061
CUDA kernel execution:		0.044000
CUDA D2H cudaMemcpy:		0.000810

CONFIGURATION:
- Data file: ../cite_network.txt
Import graph:		0.047659
CUDA runtime initialization:		0.260363
CUDA cudaMalloc:		0.000382
CUDA H2D cudaMemcpy:		0.001063
CUDA kernel execution:		0.016211
CUDA D2H cudaMemcpy:		0.000808

CONFIGURATION:
- Data file: ../cite_network.txt
Import graph:		0.047542
CUDA runtime initialization:		0.270269
CUDA cudaMalloc:		0.000386
CUDA H2D cudaMemcpy:		0.001063
CUDA kernel execution:		0.180044
CUDA D2H cudaMemcpy:		0.000810

CONFIGURATION:
- Data file: ../cite_network.txt
Import graph:		0.047707
CUDA runtime initialization:		0.270587
CUDA cudaMalloc:		0.000378
CUDA H2D cudaMemcpy:		0.001062
CUDA kernel execution:		0.028178
CUDA D2H cudaMemcpy:		0.000813
Threshold: 256

CONFIGURATION:
- Data file: ../cite_network.txt
Import graph:		0.047723
CUDA runtime initialization:		0.269780
CUDA cudaMalloc:		0.000382
CUDA H2D cudaMemcpy:		0.001062
CUDA kernel execution:		0.017795
CUDA D2H cudaMemcpy:		0.000808

CONFIGURATION:
- Data file: ../cite_network.txt
Import graph:		0.047613
CUDA runtime initialization:		0.270352
CUDA cudaMalloc:		0.000384
CUDA H2D cudaMemcpy:		0.001058
CUDA kernel execution:		0.036552
CUDA D2H cudaMemcpy:		0.000810

CONFIGURATION:
- Data file: ../cite_network.txt
Import graph:		0.047714
CUDA runtime initialization:		0.270219
CUDA cudaMalloc:		0.000387
CUDA H2D cudaMemcpy:		0.001066
CUDA kernel execution:		0.016843
CUDA D2H cudaMemcpy:		0.000810

CONFIGURATION:
- Data file: ../cite_network.txt
Import graph:		0.047719
CUDA runtime initialization:		0.260405
CUDA cudaMalloc:		0.000383
CUDA H2D cudaMemcpy:		0.001065
CUDA kernel execution:		0.100186
CUDA D2H cudaMemcpy:		0.000810

CONFIGURATION:
- Data file: ../cite_network.txt
Import graph:		0.047746
CUDA runtime initialization:		0.259765
CUDA cudaMalloc:		0.000379
CUDA H2D cudaMemcpy:		0.001062
CUDA kernel execution:		0.023415
CUDA D2H cudaMemcpy:		0.000809
Threshold: 512

CONFIGURATION:
- Data file: ../cite_network.txt
Import graph:		0.047739
CUDA runtime initialization:		0.259929
CUDA cudaMalloc:		0.000383
CUDA H2D cudaMemcpy:		0.001062
CUDA kernel execution:		0.017791
CUDA D2H cudaMemcpy:		0.000806

CONFIGURATION:
- Data file: ../cite_network.txt
Import graph:		0.047774
CUDA runtime initialization:		0.259972
CUDA cudaMalloc:		0.000391
CUDA H2D cudaMemcpy:		0.001057
CUDA kernel execution:		0.032997
CUDA D2H cudaMemcpy:		0.000811

CONFIGURATION:
- Data file: ../cite_network.txt
Import graph:		0.047664
CUDA runtime initialization:		0.260097
CUDA cudaMalloc:		0.000388
CUDA H2D cudaMemcpy:		0.001062
CUDA kernel execution:		0.017428
CUDA D2H cudaMemcpy:		0.000809

CONFIGURATION:
- Data file: ../cite_network.txt
Import graph:		0.047630
CUDA runtime initialization:		0.269690
CUDA cudaMalloc:		0.000386
CUDA H2D cudaMemcpy:		0.001065
CUDA kernel execution:		0.046062
CUDA D2H cudaMemcpy:		0.000814

CONFIGURATION:
- Data file: ../cite_network.txt
Import graph:		0.047682
CUDA runtime initialization:		0.270654
CUDA cudaMalloc:		0.000385
CUDA H2D cudaMemcpy:		0.001064
CUDA kernel execution:		0.020129
CUDA D2H cudaMemcpy:		0.000811
Threshold: 1024

CONFIGURATION:
- Data file: ../cite_network.txt
Import graph:		0.047635
CUDA runtime initialization:		0.270437
CUDA cudaMalloc:		0.000381
CUDA H2D cudaMemcpy:		0.001065
CUDA kernel execution:		0.017789
CUDA D2H cudaMemcpy:		0.000811

CONFIGURATION:
- Data file: ../cite_network.txt
Import graph:		0.047650
CUDA runtime initialization:		0.270323
CUDA cudaMalloc:		0.000386
CUDA H2D cudaMemcpy:		0.001084
CUDA kernel execution:		0.031810
CUDA D2H cudaMemcpy:		0.000817

CONFIGURATION:
- Data file: ../cite_network.txt
Import graph:		0.047649
CUDA runtime initialization:		0.260260
CUDA cudaMalloc:		0.000386
CUDA H2D cudaMemcpy:		0.001058
CUDA kernel execution:		0.017722
CUDA D2H cudaMemcpy:		0.000806

CONFIGURATION:
- Data file: ../cite_network.txt
Import graph:		0.047675
CUDA runtime initialization:		0.270471
CUDA cudaMalloc:		0.000383
CUDA H2D cudaMemcpy:		0.001068
CUDA kernel execution:		0.018922
CUDA D2H cudaMemcpy:		0.000811

CONFIGURATION:
- Data file: ../cite_network.txt
Import graph:		0.047632
CUDA runtime initialization:		0.270405
CUDA cudaMalloc:		0.000383
CUDA H2D cudaMemcpy:		0.001057
CUDA kernel execution:		0.018541
CUDA D2H cudaMemcpy:		0.000811
Threshold: 16

CONFIGURATION:
- Data file: ../cite_network.txt
Import graph:		0.047641
CUDA runtime initialization:		0.270616
CUDA cudaMalloc:		0.000384
CUDA H2D cudaMemcpy:		0.001062
CUDA kernel execution:		0.023190
CUDA D2H cudaMemcpy:		0.000815

CONFIGURATION:
- Data file: ../cite_network.txt
Import graph:		0.047658
CUDA runtime initialization:		0.270618
CUDA cudaMalloc:		0.000383
CUDA H2D cudaMemcpy:		0.001061
CUDA kernel execution:		0.073043
CUDA D2H cudaMemcpy:		0.000815

CONFIGURATION:
- Data file: ../cite_network.txt
Import graph:		0.047720
CUDA runtime initialization:		0.259936
CUDA cudaMalloc:		0.000381
CUDA H2D cudaMemcpy:		0.001060
CUDA kernel execution:		0.027984
CUDA D2H cudaMemcpy:		0.000812

CONFIGURATION:
- Data file: ../cite_network.txt
Import graph:		0.047627
CUDA runtime initialization:		0.260812
CUDA cudaMalloc:		0.000386
CUDA H2D cudaMemcpy:		0.001065
CUDA kernel execution:		0.388675
CUDA D2H cudaMemcpy:		0.000815

CONFIGURATION:
- Data file: ../cite_network.txt
Import graph:		0.047702
CUDA runtime initialization:		0.260148
CUDA cudaMalloc:		0.000388
CUDA H2D cudaMemcpy:		0.001059
CUDA kernel execution:		0.047844
CUDA D2H cudaMemcpy:		0.000809
Threshold: 32

CONFIGURATION:
- Data file: ../cite_network.txt
Import graph:		0.047657
CUDA runtime initialization:		0.260299
CUDA cudaMalloc:		0.000384
CUDA H2D cudaMemcpy:		0.001059
CUDA kernel execution:		0.023192
CUDA D2H cudaMemcpy:		0.000808

CONFIGURATION:
- Data file: ../cite_network.txt
Import graph:		0.047705
CUDA runtime initialization:		0.261307
CUDA cudaMalloc:		0.000386
CUDA H2D cudaMemcpy:		0.001061
CUDA kernel execution:		0.069670
CUDA D2H cudaMemcpy:		0.000812

CONFIGURATION:
- Data file: ../cite_network.txt
Import graph:		0.047749
CUDA runtime initialization:		0.260125
CUDA cudaMalloc:		0.000383
CUDA H2D cudaMemcpy:		0.001064
CUDA kernel execution:		0.026314
CUDA D2H cudaMemcpy:		0.000807

CONFIGURATION:
- Data file: ../cite_network.txt
Import graph:		0.047551
CUDA runtime initialization:		0.270640
CUDA cudaMalloc:		0.000393
CUDA H2D cudaMemcpy:		0.001065
CUDA kernel execution:		0.362555
CUDA D2H cudaMemcpy:		0.000811

CONFIGURATION:
- Data file: ../cite_network.txt
Import graph:		0.047718
CUDA runtime initialization:		0.260317
CUDA cudaMalloc:		0.000383
CUDA H2D cudaMemcpy:		0.001064
CUDA kernel execution:		0.044590
CUDA D2H cudaMemcpy:		0.000816
Threshold: 64

CONFIGURATION:
- Data file: ../cite_network.txt
Import graph:		0.047639
CUDA runtime initialization:		0.260249
CUDA cudaMalloc:		0.000382
CUDA H2D cudaMemcpy:		0.001065
CUDA kernel execution:		0.023189
CUDA D2H cudaMemcpy:		0.000808

CONFIGURATION:
- Data file: ../cite_network.txt
Import graph:		0.047653
CUDA runtime initialization:		0.270818
CUDA cudaMalloc:		0.000392
CUDA H2D cudaMemcpy:		0.001063
CUDA kernel execution:		0.063589
CUDA D2H cudaMemcpy:		0.000816

CONFIGURATION:
- Data file: ../cite_network.txt
Import graph:		0.047710
CUDA runtime initialization:		0.260025
CUDA cudaMalloc:		0.000383
CUDA H2D cudaMemcpy:		0.001061
CUDA kernel execution:		0.023243
CUDA D2H cudaMemcpy:		0.000810

CONFIGURATION:
- Data file: ../cite_network.txt
Import graph:		0.047642
CUDA runtime initialization:		0.269691
CUDA cudaMalloc:		0.000392
CUDA H2D cudaMemcpy:		0.001063
CUDA kernel execution:		0.310984
CUDA D2H cudaMemcpy:		0.000811

CONFIGURATION:
- Data file: ../cite_network.txt
Import graph:		0.047660
CUDA runtime initialization:		0.260107
CUDA cudaMalloc:		0.000384
CUDA H2D cudaMemcpy:		0.001057
CUDA kernel execution:		0.041805
CUDA D2H cudaMemcpy:		0.000818
Threshold: 128

CONFIGURATION:
- Data file: ../cite_network.txt
Import graph:		0.047669
CUDA runtime initialization:		0.259570
CUDA cudaMalloc:		0.000379
CUDA H2D cudaMemcpy:		0.001058
CUDA kernel execution:		0.023193
CUDA D2H cudaMemcpy:		0.000808

CONFIGURATION:
- Data file: ../cite_network.txt
Import graph:		0.047636
CUDA runtime initialization:		0.259994
CUDA cudaMalloc:		0.000389
CUDA H2D cudaMemcpy:		0.001066
CUDA kernel execution:		0.054448
CUDA D2H cudaMemcpy:		0.000810

CONFIGURATION:
- Data file: ../cite_network.txt
Import graph:		0.047676
CUDA runtime initialization:		0.259982
CUDA cudaMalloc:		0.000385
CUDA H2D cudaMemcpy:		0.001061
CUDA kernel execution:		0.021204
CUDA D2H cudaMemcpy:		0.000807

CONFIGURATION:
- Data file: ../cite_network.txt
Import graph:		0.047654
CUDA runtime initialization:		0.259726
CUDA cudaMalloc:		0.000378
CUDA H2D cudaMemcpy:		0.001066
CUDA kernel execution:		0.223593
CUDA D2H cudaMemcpy:		0.000810

CONFIGURATION:
- Data file: ../cite_network.txt
Import graph:		0.047543
CUDA runtime initialization:		0.270524
CUDA cudaMalloc:		0.000386
CUDA H2D cudaMemcpy:		0.001064
CUDA kernel execution:		0.036707
CUDA D2H cudaMemcpy:		0.000812
Threshold: 256

CONFIGURATION:
- Data file: ../cite_network.txt
Import graph:		0.047647
CUDA runtime initialization:		0.260676
CUDA cudaMalloc:		0.000419
CUDA H2D cudaMemcpy:		0.001058
CUDA kernel execution:		0.023168
CUDA D2H cudaMemcpy:		0.000809

CONFIGURATION:
- Data file: ../cite_network.txt
Import graph:		0.047658
CUDA runtime initialization:		0.270768
CUDA cudaMalloc:		0.000392
CUDA H2D cudaMemcpy:		0.001063
CUDA kernel execution:		0.045542
CUDA D2H cudaMemcpy:		0.000810

CONFIGURATION:
- Data file: ../cite_network.txt
Import graph:		0.047727
CUDA runtime initialization:		0.259889
CUDA cudaMalloc:		0.000383
CUDA H2D cudaMemcpy:		0.001060
CUDA kernel execution:		0.021981
CUDA D2H cudaMemcpy:		0.000806

CONFIGURATION:
- Data file: ../cite_network.txt
Import graph:		0.047625
CUDA runtime initialization:		0.260114
CUDA cudaMalloc:		0.000387
CUDA H2D cudaMemcpy:		0.001071
CUDA kernel execution:		0.124777
CUDA D2H cudaMemcpy:		0.000810

CONFIGURATION:
- Data file: ../cite_network.txt
Import graph:		0.047657
CUDA runtime initialization:		0.269614
CUDA cudaMalloc:		0.000384
CUDA H2D cudaMemcpy:		0.001063
CUDA kernel execution:		0.030405
CUDA D2H cudaMemcpy:		0.000808
Threshold: 512

CONFIGURATION:
- Data file: ../cite_network.txt
Import graph:		0.047643
CUDA runtime initialization:		0.260186
CUDA cudaMalloc:		0.000397
CUDA H2D cudaMemcpy:		0.001059
CUDA kernel execution:		0.023187
CUDA D2H cudaMemcpy:		0.000808

CONFIGURATION:
- Data file: ../cite_network.txt
Import graph:		0.047644
CUDA runtime initialization:		0.259914
CUDA cudaMalloc:		0.000382
CUDA H2D cudaMemcpy:		0.001063
CUDA kernel execution:		0.041453
CUDA D2H cudaMemcpy:		0.000809

CONFIGURATION:
- Data file: ../cite_network.txt
Import graph:		0.047761
CUDA runtime initialization:		0.260144
CUDA cudaMalloc:		0.000384
CUDA H2D cudaMemcpy:		0.001058
CUDA kernel execution:		0.022767
CUDA D2H cudaMemcpy:		0.000808

CONFIGURATION:
- Data file: ../cite_network.txt
Import graph:		0.047625
CUDA runtime initialization:		0.260629
CUDA cudaMalloc:		0.000385
CUDA H2D cudaMemcpy:		0.001064
CUDA kernel execution:		0.057882
CUDA D2H cudaMemcpy:		0.000814

CONFIGURATION:
- Data file: ../cite_network.txt
Import graph:		0.047686
CUDA runtime initialization:		0.260104
CUDA cudaMalloc:		0.000386
CUDA H2D cudaMemcpy:		0.001062
CUDA kernel execution:		0.026076
CUDA D2H cudaMemcpy:		0.000812
Threshold: 1024

CONFIGURATION:
- Data file: ../cite_network.txt
Import graph:		0.047650
CUDA runtime initialization:		0.271011
CUDA cudaMalloc:		0.000382
CUDA H2D cudaMemcpy:		0.001063
CUDA kernel execution:		0.023187
CUDA D2H cudaMemcpy:		0.000811

CONFIGURATION:
- Data file: ../cite_network.txt
Import graph:		0.047653
CUDA runtime initialization:		0.270691
CUDA cudaMalloc:		0.000382
CUDA H2D cudaMemcpy:		0.001066
CUDA kernel execution:		0.040246
CUDA D2H cudaMemcpy:		0.000811

CONFIGURATION:
- Data file: ../cite_network.txt
Import graph:		0.047624
CUDA runtime initialization:		0.259963
CUDA cudaMalloc:		0.000385
CUDA H2D cudaMemcpy:		0.001065
CUDA kernel execution:		0.023146
CUDA D2H cudaMemcpy:		0.000805

CONFIGURATION:
- Data file: ../cite_network.txt
Import graph:		0.047651
CUDA runtime initialization:		0.270630
CUDA cudaMalloc:		0.000385
CUDA H2D cudaMemcpy:		0.001064
CUDA kernel execution:		0.024388
CUDA D2H cudaMemcpy:		0.000810

CONFIGURATION:
- Data file: ../cite_network.txt
Import graph:		0.047636
CUDA runtime initialization:		0.260170
CUDA cudaMalloc:		0.000384
CUDA H2D cudaMemcpy:		0.001062
CUDA kernel execution:		0.023962
CUDA D2H cudaMemcpy:		0.000812
