Threshold: 16

CONFIGURATION:
- Graph file: ../../../datasets/SLNDC/wiki-Vote.txt
- Graph format: 2
- Solution: 3
Import graph:		0.039008
Node no: 7115
Edge no: 103689
AdjList to CSR:		0.006255
CUDA runtime initialization:		0.229562
Choose CUDA device: 0
cudaSetDevice:		0.000006
cudaMalloc:		0.000790
cudaMemcpy:		0.000442
Processing node 0...
Processing node 1000...
Processing node 2000...
Processing node 3000...
Processing node 4000...
Processing node 5000...
Processing node 6000...
Processing node 7000...
Execution time:		22.035951
cudaMemcpy to CPU:		0.000048
Threshold: 32

CONFIGURATION:
- Graph file: ../../../datasets/SLNDC/wiki-Vote.txt
- Graph format: 2
- Solution: 3
Import graph:		0.039070
Node no: 7115
Edge no: 103689
AdjList to CSR:		0.006264
CUDA runtime initialization:		0.215906
Choose CUDA device: 0
cudaSetDevice:		0.000007
cudaMalloc:		0.000789
cudaMemcpy:		0.000360
Processing node 0...
Processing node 1000...
Processing node 2000...
Processing node 3000...
Processing node 4000...
Processing node 5000...
Processing node 6000...
Processing node 7000...
Execution time:		19.823871
cudaMemcpy to CPU:		0.000054
Threshold: 64

CONFIGURATION:
- Graph file: ../../../datasets/SLNDC/wiki-Vote.txt
- Graph format: 2
- Solution: 3
Import graph:		0.043076
Node no: 7115
Edge no: 103689
AdjList to CSR:		0.006292
CUDA runtime initialization:		0.216690
Choose CUDA device: 0
cudaSetDevice:		0.000006
cudaMalloc:		0.000768
cudaMemcpy:		0.000369
Processing node 0...
Processing node 1000...
Processing node 2000...
Processing node 3000...
Processing node 4000...
Processing node 5000...
Processing node 6000...
Processing node 7000...
Execution time:		19.970673
cudaMemcpy to CPU:		0.000052
Threshold: 128

CONFIGURATION:
- Graph file: ../../../datasets/SLNDC/wiki-Vote.txt
- Graph format: 2
- Solution: 3
Import graph:		0.039067
Node no: 7115
Edge no: 103689
AdjList to CSR:		0.006238
CUDA runtime initialization:		0.216135
Choose CUDA device: 0
cudaSetDevice:		0.000007
cudaMalloc:		0.000782
cudaMemcpy:		0.000370
Processing node 0...
Processing node 1000...
Processing node 2000...
Processing node 3000...
Processing node 4000...
Processing node 5000...
Processing node 6000...
Processing node 7000...
Execution time:		21.524418
cudaMemcpy to CPU:		0.000048
